<?xml version="1.0" encoding="UTF-8"?>
<!-- Generated by org.testng.reporters.JUnitReportReporter -->
<testsuite skipped="0" hostname="RSI1507" name="br.com.rsinet.hub_tdd.testes.BuscaHome" tests="2" failures="0" timestamp="2020-02-11T15:24:30 BRT" time="81.480" errors="0">
  <testcase name="testeDeBuscaPorTelaInicialFalha" time="44.019" classname="br.com.rsinet.hub_tdd.testes.BuscaHome"/>
  <testcase name="testeDeBuscaPorTelaInicialSucesso" time="37.461" classname="br.com.rsinet.hub_tdd.testes.BuscaHome"/>
</testsuite> <!-- br.com.rsinet.hub_tdd.testes.BuscaHome -->
