<?xml version="1.0" encoding="UTF-8"?>
<!-- Generated by org.testng.reporters.JUnitReportReporter -->
<testsuite skipped="0" hostname="RSI1507" name="br.com.rsinet.hub_tdd.testes.Cadastro" tests="2" failures="0" timestamp="2020-02-07T10:35:47 BRT" time="68.227" errors="0">
  <testcase name="testeDeCadastroFalha" time="20.814" classname="br.com.rsinet.hub_tdd.testes.Cadastro"/>
  <testcase name="testeDeCadastroSucesso" time="47.413" classname="br.com.rsinet.hub_tdd.testes.Cadastro"/>
</testsuite> <!-- br.com.rsinet.hub_tdd.testes.Cadastro -->
