<?xml version="1.0" encoding="UTF-8"?>
<!-- Generated by org.testng.reporters.JUnitReportReporter -->
<testsuite skipped="0" hostname="RSI1507" name="br.com.rsinet.hub_tdd.testes.BuscaLupa" tests="2" failures="0" timestamp="2020-02-07T10:35:47 BRT" time="26.849" errors="0">
  <testcase name="testeDeBuscaPorLupaFalha" time="12.633" classname="br.com.rsinet.hub_tdd.testes.BuscaLupa"/>
  <testcase name="testeDeBuscaPorLupaSucesso" time="14.216" classname="br.com.rsinet.hub_tdd.testes.BuscaLupa"/>
</testsuite> <!-- br.com.rsinet.hub_tdd.testes.BuscaLupa -->
