<?xml version="1.0" encoding="UTF-8"?>
<!-- Generated by org.testng.reporters.JUnitReportReporter -->
<testsuite skipped="0" hostname="RSI1507" name="br.com.rsinet.hub_tdd.testes.BuscaHome" tests="1" failures="0" timestamp="2020-02-04T15:58:56 BRT" time="32.485" errors="0">
  <testcase name="testeDeBuscaPorTelaInicialSucesso" time="32.485" classname="br.com.rsinet.hub_tdd.testes.BuscaHome"/>
</testsuite> <!-- br.com.rsinet.hub_tdd.testes.BuscaHome -->
