<?xml version="1.0" encoding="UTF-8"?>
<!-- Generated by org.testng.reporters.JUnitReportReporter -->
<testsuite skipped="0" hostname="RSI1507" name="br.com.rsinet.hub_tdd.testes.Cadastro" tests="1" failures="0" timestamp="2020-02-03T16:09:57 BRT" time="55.728" errors="0">
  <testcase name="testeDeCadastroSucesso" time="55.728" classname="br.com.rsinet.hub_tdd.testes.Cadastro"/>
</testsuite> <!-- br.com.rsinet.hub_tdd.testes.Cadastro -->
