<?xml version="1.0" encoding="UTF-8"?>
<!-- Generated by org.testng.reporters.JUnitReportReporter -->
<testsuite skipped="0" hostname="RSI1507" name="br.com.rsinet.hub_tdd.testes.BuscaHome" tests="2" failures="0" timestamp="2020-02-07T10:35:47 BRT" time="45.778" errors="0">
  <testcase name="testeDeBuscaPorTelaInicialSucesso" time="20.255" classname="br.com.rsinet.hub_tdd.testes.BuscaHome"/>
  <testcase name="testeDeBuscaPorTelaInicialFalha" time="25.523" classname="br.com.rsinet.hub_tdd.testes.BuscaHome"/>
</testsuite> <!-- br.com.rsinet.hub_tdd.testes.BuscaHome -->
