<?xml version="1.0" encoding="UTF-8"?>
<!-- Generated by org.testng.reporters.JUnitReportReporter -->
<testsuite skipped="0" hostname="RSI1507" name="br.com.rsinet.hub_tdd.testes.Cadastro" tests="2" failures="0" timestamp="2020-02-10T15:08:11 BRT" time="63.059" errors="0">
  <testcase name="testeDeCadastroFalha" time="20.894" classname="br.com.rsinet.hub_tdd.testes.Cadastro"/>
  <testcase name="testeDeCadastroSucesso" time="42.165" classname="br.com.rsinet.hub_tdd.testes.Cadastro"/>
</testsuite> <!-- br.com.rsinet.hub_tdd.testes.Cadastro -->
