<?xml version="1.0" encoding="UTF-8"?>
<!-- Generated by org.testng.reporters.JUnitReportReporter -->
<testsuite skipped="0" hostname="RSI1507" name="br.com.rsinet.hub_tdd.testes.BuscaHome" tests="2" failures="0" timestamp="2020-02-12T11:19:58 BRT" time="45.746" errors="0">
  <testcase name="testeDeBuscaPorTelaInicialFalha" time="25.449" classname="br.com.rsinet.hub_tdd.testes.BuscaHome"/>
  <testcase name="testeDeBuscaPorTelaInicialSucesso" time="20.297" classname="br.com.rsinet.hub_tdd.testes.BuscaHome"/>
</testsuite> <!-- br.com.rsinet.hub_tdd.testes.BuscaHome -->
