<?xml version="1.0" encoding="UTF-8"?>
<!-- Generated by org.testng.reporters.JUnitReportReporter -->
<testsuite skipped="0" hostname="RSI1507" name="br.com.rsinet.hub_tdd.testes.BuscaLupa" tests="2" failures="0" timestamp="2020-02-05T12:01:53 BRT" time="41.323" errors="0">
  <testcase name="testeDeBuscaPorLupaFalha" time="18.746" classname="br.com.rsinet.hub_tdd.testes.BuscaLupa"/>
  <testcase name="testeDeBuscaPorLupaSucesso" time="22.577" classname="br.com.rsinet.hub_tdd.testes.BuscaLupa"/>
</testsuite> <!-- br.com.rsinet.hub_tdd.testes.BuscaLupa -->
