<?xml version="1.0" encoding="UTF-8"?>
<!-- Generated by org.testng.reporters.JUnitReportReporter -->
<testsuite skipped="0" hostname="RSI1507" name="br.com.rsinet.hub_tdd.testes.BuscaLupa" tests="2" failures="0" timestamp="2020-02-12T14:22:12 BRT" time="28.633" errors="0">
  <testcase name="testeDeBuscaPorLupaSucesso" time="15.148" classname="br.com.rsinet.hub_tdd.testes.BuscaLupa"/>
  <testcase name="testeDeBuscaPorLupaFalha" time="13.485" classname="br.com.rsinet.hub_tdd.testes.BuscaLupa"/>
</testsuite> <!-- br.com.rsinet.hub_tdd.testes.BuscaLupa -->
