<?xml version="1.0" encoding="UTF-8"?>
<!-- Generated by org.testng.reporters.JUnitReportReporter -->
<testsuite skipped="0" hostname="RSI1507" name="br.com.rsinet.hub_tdd.testes.Cadastro" tests="2" failures="0" timestamp="2020-02-03T15:46:26 BRT" time="102.935" errors="0">
  <testcase name="testeDeCadastroSucesso" time="51.521" classname="br.com.rsinet.hub_tdd.testes.Cadastro"/>
  <testcase name="testeDeCadastroFalha" time="51.414" classname="br.com.rsinet.hub_tdd.testes.Cadastro"/>
</testsuite> <!-- br.com.rsinet.hub_tdd.testes.Cadastro -->
