<?xml version="1.0" encoding="UTF-8"?>
<!-- Generated by org.testng.reporters.JUnitReportReporter -->
<testsuite skipped="0" hostname="RSI1507" name="br.com.rsinet.hub_tdd.testes.BuscaLupa" tests="2" failures="0" timestamp="2020-02-10T14:24:52 BRT" time="42.087" errors="0">
  <testcase name="testeDeBuscaPorLupaSucesso" time="22.664" classname="br.com.rsinet.hub_tdd.testes.BuscaLupa"/>
  <testcase name="testeDeBuscaPorLupaFalha" time="19.423" classname="br.com.rsinet.hub_tdd.testes.BuscaLupa"/>
</testsuite> <!-- br.com.rsinet.hub_tdd.testes.BuscaLupa -->
