<?xml version="1.0" encoding="UTF-8"?>
<!-- Generated by org.testng.reporters.JUnitReportReporter -->
<testsuite skipped="0" hostname="RSI1507" name="br.com.rsinet.hub_tdd.testes.Advantage" tests="1" failures="0" timestamp="2020-01-31T10:28:19 BRT" time="29.094" errors="0">
  <testcase name="testeDeCadastro" time="29.094" classname="br.com.rsinet.hub_tdd.testes.Advantage"/>
</testsuite> <!-- br.com.rsinet.hub_tdd.testes.Advantage -->
